<?xml version="1.0" encoding="utf-8"?>
<coverage line-rate="0.9795" branch-rate="0.872" version="1.9" timestamp="1603965329" lines-covered="527" lines-valid="538" branches-covered="75" branches-valid="86">
  <sources>
    <source>C:\Users\320088274\source\repos\alert-to-care-s21b13\AlertToCareAPI\</source>
  </sources>
  <packages>
    <package name="AlertToCareAPI" line-rate="0.9795" branch-rate="0.872" complexity="142">
      <classes>
        <class name="AlertToCareAPI.Startup" filename="Startup.cs" line-rate="1" branch-rate="1" complexity="3">
          <methods>
            <method name="ConfigureServices" signature="(Microsoft.Extensions.DependencyInjection.IServiceCollection)" line-rate="1" branch-rate="1">
              <lines>
                <line number="15" hits="17" branch="False" />
                <line number="16" hits="17" branch="False" />
                <line number="19" hits="17" branch="False" />
                <line number="20" hits="17" branch="False" />
                <line number="21" hits="17" branch="False" />
                <line number="22" hits="17" branch="False" />
              </lines>
            </method>
            <method name="Configure" signature="(Microsoft.AspNetCore.Builder.IApplicationBuilder,Microsoft.AspNetCore.Hosting.IWebHostEnvironment)" line-rate="1" branch-rate="1">
              <lines>
                <line number="26" hits="17" branch="False" />
                <line number="27" hits="17" branch="False" />
                <line number="28" hits="17" branch="False" />
                <line number="30" hits="17" branch="False" />
                <line number="32" hits="17" branch="True" condition-coverage="100% (2/2)">
                  <conditions>
                    <condition number="29" type="jump" coverage="100%" />
                  </conditions>
                </line>
                <line number="33" hits="34" branch="False" />
                <line number="34" hits="34" branch="False" />
                <line number="35" hits="34" branch="False" />
                <line number="36" hits="17" branch="False" />
              </lines>
            </method>
          </methods>
          <lines>
            <line number="15" hits="17" branch="False" />
            <line number="16" hits="17" branch="False" />
            <line number="19" hits="17" branch="False" />
            <line number="20" hits="17" branch="False" />
            <line number="21" hits="17" branch="False" />
            <line number="22" hits="17" branch="False" />
            <line number="26" hits="17" branch="False" />
            <line number="27" hits="17" branch="False" />
            <line number="28" hits="17" branch="False" />
            <line number="30" hits="17" branch="False" />
            <line number="32" hits="17" branch="True" condition-coverage="100% (2/2)">
              <conditions>
                <condition number="29" type="jump" coverage="100%" />
              </conditions>
            </line>
            <line number="33" hits="34" branch="False" />
            <line number="34" hits="34" branch="False" />
            <line number="35" hits="34" branch="False" />
            <line number="36" hits="17" branch="False" />
          </lines>
        </class>
        <class name="AlertToCareAPI.Repositories.IcuConfigurationRepo" filename="Repositories\IcuConfigurationRepo.cs" line-rate="1" branch-rate="1" complexity="11">
          <methods>
            <method name="AddIcu" signature="(AlertToCareAPI.Models.ICUBedDetails)" line-rate="1" branch-rate="1">
              <lines>
                <line number="15" hits="2" branch="False" />
                <line number="16" hits="2" branch="False" />
                <line number="17" hits="2" branch="False" />
                <line number="18" hits="1" branch="False" />
                <line number="19" hits="1" branch="False" />
                <line number="20" hits="1" branch="False" />
              </lines>
            </method>
            <method name="RemoveIcu" signature="(System.String)" line-rate="1" branch-rate="1">
              <lines>
                <line number="22" hits="2" branch="False" />
                <line number="23" hits="2" branch="False" />
                <line number="24" hits="6" branch="True" condition-coverage="100% (2/2)">
                  <conditions>
                    <condition number="86" type="jump" coverage="100%" />
                  </conditions>
                </line>
                <line number="25" hits="2" branch="False" />
                <line number="26" hits="3" branch="True" condition-coverage="100% (2/2)">
                  <conditions>
                    <condition number="38" type="jump" coverage="100%" />
                  </conditions>
                </line>
                <line number="27" hits="1" branch="False" />
                <line number="28" hits="1" branch="False" />
                <line number="29" hits="1" branch="False" />
                <line number="31" hits="1" branch="False" />
                <line number="32" hits="1" branch="False" />
              </lines>
            </method>
            <method name="UpdateIcu" signature="(System.String,AlertToCareAPI.Models.ICUBedDetails)" line-rate="1" branch-rate="1">
              <lines>
                <line number="34" hits="2" branch="False" />
                <line number="35" hits="2" branch="False" />
                <line number="36" hits="2" branch="False" />
                <line number="38" hits="10" branch="True" condition-coverage="100% (2/2)">
                  <conditions>
                    <condition number="94" type="jump" coverage="100%" />
                  </conditions>
                </line>
                <line number="39" hits="4" branch="False" />
                <line number="40" hits="7" branch="True" condition-coverage="100% (2/2)">
                  <conditions>
                    <condition number="51" type="jump" coverage="100%" />
                  </conditions>
                </line>
                <line number="41" hits="1" branch="False" />
                <line number="42" hits="1" branch="False" />
                <line number="43" hits="1" branch="False" />
                <line number="45" hits="1" branch="False" />
                <line number="46" hits="1" branch="False" />
              </lines>
            </method>
            <method name="GetAllIcu" signature="()" line-rate="1" branch-rate="1">
              <lines>
                <line number="48" hits="2" branch="False" />
                <line number="49" hits="2" branch="False" />
                <line number="50" hits="2" branch="False" />
                <line number="51" hits="2" branch="False" />
              </lines>
            </method>
            <method name=".ctor" signature="()" line-rate="1" branch-rate="1">
              <lines>
                <line number="10" hits="8" branch="False" />
                <line number="11" hits="8" branch="False" />
              </lines>
            </method>
          </methods>
          <lines>
            <line number="15" hits="2" branch="False" />
            <line number="16" hits="2" branch="False" />
            <line number="17" hits="2" branch="False" />
            <line number="18" hits="1" branch="False" />
            <line number="19" hits="1" branch="False" />
            <line number="20" hits="1" branch="False" />
            <line number="22" hits="2" branch="False" />
            <line number="23" hits="2" branch="False" />
            <line number="24" hits="6" branch="True" condition-coverage="100% (2/2)">
              <conditions>
                <condition number="86" type="jump" coverage="100%" />
              </conditions>
            </line>
            <line number="25" hits="2" branch="False" />
            <line number="26" hits="3" branch="True" condition-coverage="100% (2/2)">
              <conditions>
                <condition number="38" type="jump" coverage="100%" />
              </conditions>
            </line>
            <line number="27" hits="1" branch="False" />
            <line number="28" hits="1" branch="False" />
            <line number="29" hits="1" branch="False" />
            <line number="31" hits="1" branch="False" />
            <line number="32" hits="1" branch="False" />
            <line number="34" hits="2" branch="False" />
            <line number="35" hits="2" branch="False" />
            <line number="36" hits="2" branch="False" />
            <line number="38" hits="10" branch="True" condition-coverage="100% (2/2)">
              <conditions>
                <condition number="94" type="jump" coverage="100%" />
              </conditions>
            </line>
            <line number="39" hits="4" branch="False" />
            <line number="40" hits="7" branch="True" condition-coverage="100% (2/2)">
              <conditions>
                <condition number="51" type="jump" coverage="100%" />
              </conditions>
            </line>
            <line number="41" hits="1" branch="False" />
            <line number="42" hits="1" branch="False" />
            <line number="43" hits="1" branch="False" />
            <line number="45" hits="1" branch="False" />
            <line number="46" hits="1" branch="False" />
            <line number="48" hits="2" branch="False" />
            <line number="49" hits="2" branch="False" />
            <line number="50" hits="2" branch="False" />
            <line number="51" hits="2" branch="False" />
            <line number="10" hits="8" branch="False" />
            <line number="11" hits="8" branch="False" />
          </lines>
        </class>
        <class name="AlertToCareAPI.Repositories.MonitoringRepo" filename="Repositories\MonitoringRepo.cs" line-rate="1" branch-rate="1" complexity="13">
          <methods>
            <method name="GetAllVitals" signature="()" line-rate="1" branch-rate="1">
              <lines>
                <line number="16" hits="1" branch="False" />
                <line number="17" hits="1" branch="False" />
                <line number="18" hits="1" branch="False" />
              </lines>
            </method>
            <method name="CheckVitals" signature="(AlertToCareAPI.Models.VitalsCategory)" line-rate="1" branch-rate="1">
              <lines>
                <line number="20" hits="3" branch="False" />
                <line number="21" hits="3" branch="False" />
                <line number="22" hits="3" branch="False" />
                <line number="23" hits="3" branch="False" />
                <line number="24" hits="3" branch="False" />
                <line number="26" hits="3" branch="False" />
                <line number="27" hits="3" branch="False" />
              </lines>
            </method>
            <method name="CheckSpo2" signature="(System.Single)" line-rate="1" branch-rate="1">
              <lines>
                <line number="29" hits="3" branch="False" />
                <line number="30" hits="3" branch="True" condition-coverage="100% (2/2)">
                  <conditions>
                    <condition number="7" type="jump" coverage="100%" />
                  </conditions>
                </line>
                <line number="31" hits="3" branch="False" />
              </lines>
            </method>
            <method name="CheckBpm" signature="(System.Single)" line-rate="1" branch-rate="1">
              <lines>
                <line number="33" hits="3" branch="False" />
                <line number="34" hits="3" branch="True" condition-coverage="100% (2/2)">
                  <conditions>
                    <condition number="11" type="jump" coverage="100%" />
                  </conditions>
                </line>
                <line number="35" hits="1" branch="False" />
                <line number="36" hits="2" branch="True" condition-coverage="100% (2/2)">
                  <conditions>
                    <condition number="27" type="jump" coverage="100%" />
                  </conditions>
                </line>
                <line number="37" hits="3" branch="False" />
              </lines>
            </method>
            <method name="CheckRespRate" signature="(System.Single)" line-rate="1" branch-rate="1">
              <lines>
                <line number="39" hits="3" branch="False" />
                <line number="40" hits="3" branch="True" condition-coverage="100% (2/2)">
                  <conditions>
                    <condition number="11" type="jump" coverage="100%" />
                  </conditions>
                </line>
                <line number="41" hits="1" branch="False" />
                <line number="42" hits="2" branch="True" condition-coverage="100% (2/2)">
                  <conditions>
                    <condition number="27" type="jump" coverage="100%" />
                  </conditions>
                </line>
                <line number="43" hits="3" branch="False" />
              </lines>
            </method>
            <method name=".ctor" signature="()" line-rate="1" branch-rate="1">
              <lines>
                <line number="8" hits="1" branch="False" />
                <line number="10" hits="1" branch="False" />
                <line number="11" hits="1" branch="False" />
                <line number="12" hits="1" branch="False" />
                <line number="13" hits="1" branch="False" />
              </lines>
            </method>
          </methods>
          <lines>
            <line number="16" hits="1" branch="False" />
            <line number="17" hits="1" branch="False" />
            <line number="18" hits="1" branch="False" />
            <line number="20" hits="3" branch="False" />
            <line number="21" hits="3" branch="False" />
            <line number="22" hits="3" branch="False" />
            <line number="23" hits="3" branch="False" />
            <line number="24" hits="3" branch="False" />
            <line number="26" hits="3" branch="False" />
            <line number="27" hits="3" branch="False" />
            <line number="29" hits="3" branch="False" />
            <line number="30" hits="3" branch="True" condition-coverage="100% (2/2)">
              <conditions>
                <condition number="7" type="jump" coverage="100%" />
              </conditions>
            </line>
            <line number="31" hits="3" branch="False" />
            <line number="33" hits="3" branch="False" />
            <line number="34" hits="3" branch="True" condition-coverage="100% (2/2)">
              <conditions>
                <condition number="11" type="jump" coverage="100%" />
              </conditions>
            </line>
            <line number="35" hits="1" branch="False" />
            <line number="36" hits="2" branch="True" condition-coverage="100% (2/2)">
              <conditions>
                <condition number="27" type="jump" coverage="100%" />
              </conditions>
            </line>
            <line number="37" hits="3" branch="False" />
            <line number="39" hits="3" branch="False" />
            <line number="40" hits="3" branch="True" condition-coverage="100% (2/2)">
              <conditions>
                <condition number="11" type="jump" coverage="100%" />
              </conditions>
            </line>
            <line number="41" hits="1" branch="False" />
            <line number="42" hits="2" branch="True" condition-coverage="100% (2/2)">
              <conditions>
                <condition number="27" type="jump" coverage="100%" />
              </conditions>
            </line>
            <line number="43" hits="3" branch="False" />
            <line number="8" hits="1" branch="False" />
            <line number="10" hits="1" branch="False" />
            <line number="11" hits="1" branch="False" />
            <line number="12" hits="1" branch="False" />
            <line number="13" hits="1" branch="False" />
          </lines>
        </class>
        <class name="AlertToCareAPI.Repositories.PatientDbRepo" filename="Repositories\PatientDbRepo.cs" line-rate="0.9806999999999999" branch-rate="0.9666" complexity="33">
          <methods>
            <method name="AddPatient" signature="(AlertToCareAPI.Models.PatientDetails)" line-rate="1" branch-rate="1">
              <lines>
                <line number="15" hits="2" branch="False" />
                <line number="16" hits="2" branch="False" />
                <line number="17" hits="2" branch="False" />
                <line number="18" hits="1" branch="False" />
                <line number="19" hits="1" branch="False" />
                <line number="20" hits="1" branch="False" />
                <line number="21" hits="1" branch="False" />
              </lines>
            </method>
            <method name="RemovePatient" signature="(System.String)" line-rate="1" branch-rate="1">
              <lines>
                <line number="23" hits="2" branch="False" />
                <line number="24" hits="2" branch="False" />
                <line number="25" hits="10" branch="True" condition-coverage="100% (2/2)">
                  <conditions>
                    <condition number="105" type="jump" coverage="100%" />
                  </conditions>
                </line>
                <line number="26" hits="4" branch="False" />
                <line number="27" hits="7" branch="True" condition-coverage="100% (2/2)">
                  <conditions>
                    <condition number="38" type="jump" coverage="100%" />
                  </conditions>
                </line>
                <line number="28" hits="1" branch="False" />
                <line number="29" hits="1" branch="False" />
                <line number="30" hits="1" branch="False" />
                <line number="31" hits="1" branch="False" />
                <line number="33" hits="1" branch="False" />
                <line number="34" hits="1" branch="False" />
              </lines>
            </method>
            <method name="UpdatePatient" signature="(System.String,AlertToCareAPI.Models.PatientDetails)" line-rate="1" branch-rate="1">
              <lines>
                <line number="36" hits="2" branch="False" />
                <line number="37" hits="2" branch="False" />
                <line number="38" hits="2" branch="False" />
                <line number="40" hits="14" branch="True" condition-coverage="100% (2/2)">
                  <conditions>
                    <condition number="94" type="jump" coverage="100%" />
                  </conditions>
                </line>
                <line number="41" hits="6" branch="False" />
                <line number="42" hits="11" branch="True" condition-coverage="100% (2/2)">
                  <conditions>
                    <condition number="51" type="jump" coverage="100%" />
                  </conditions>
                </line>
                <line number="43" hits="1" branch="False" />
                <line number="44" hits="1" branch="False" />
                <line number="45" hits="1" branch="False" />
                <line number="47" hits="1" branch="False" />
                <line number="48" hits="1" branch="False" />
              </lines>
            </method>
            <method name="GetAllPatients" signature="()" line-rate="1" branch-rate="1">
              <lines>
                <line number="50" hits="2" branch="False" />
                <line number="51" hits="2" branch="False" />
                <line number="52" hits="2" branch="False" />
                <line number="53" hits="2" branch="False" />
              </lines>
            </method>
            <method name="ChangeBedStatusToTrue" signature="(System.String)" line-rate="0.8887999999999999" branch-rate="0.9166">
              <lines>
                <line number="55" hits="1" branch="False" />
                <line number="56" hits="1" branch="False" />
                <line number="57" hits="17" branch="True" condition-coverage="91.66% (11/12)">
                  <conditions>
                    <condition number="34" type="jump" coverage="100%" />
                    <condition number="65" type="jump" coverage="100%" />
                    <condition number="102" type="jump" coverage="100%" />
                    <condition number="137" type="jump" coverage="100%" />
                    <condition number="173" type="jump" coverage="100%" />
                    <condition number="250" type="jump" coverage="50%" />
                  </conditions>
                </line>
                <line number="58" hits="1" branch="False" />
                <line number="59" hits="1" branch="False" />
                <line number="60" hits="1" branch="False" />
                <line number="61" hits="1" branch="False" />
                <line number="63" hits="0" branch="False" />
                <line number="64" hits="1" branch="False" />
              </lines>
            </method>
            <method name="ChangeBedStatusToFalse" signature="(System.String)" line-rate="1" branch-rate="1">
              <lines>
                <line number="67" hits="1" branch="False" />
                <line number="68" hits="1" branch="False" />
                <line number="69" hits="28" branch="True" condition-coverage="100% (10/10)">
                  <conditions>
                    <condition number="34" type="jump" coverage="100%" />
                    <condition number="65" type="jump" coverage="100%" />
                    <condition number="102" type="jump" coverage="100%" />
                    <condition number="137" type="jump" coverage="100%" />
                    <condition number="213" type="jump" coverage="100%" />
                  </conditions>
                </line>
                <line number="70" hits="1" branch="False" />
                <line number="71" hits="1" branch="False" />
                <line number="72" hits="1" branch="False" />
                <line number="73" hits="1" branch="False" />
                <line number="74" hits="1" branch="False" />
              </lines>
            </method>
            <method name=".ctor" signature="()" line-rate="1" branch-rate="1">
              <lines>
                <line number="11" hits="8" branch="False" />
                <line number="12" hits="8" branch="False" />
              </lines>
            </method>
          </methods>
          <lines>
            <line number="15" hits="2" branch="False" />
            <line number="16" hits="2" branch="False" />
            <line number="17" hits="2" branch="False" />
            <line number="18" hits="1" branch="False" />
            <line number="19" hits="1" branch="False" />
            <line number="20" hits="1" branch="False" />
            <line number="21" hits="1" branch="False" />
            <line number="23" hits="2" branch="False" />
            <line number="24" hits="2" branch="False" />
            <line number="25" hits="10" branch="True" condition-coverage="100% (2/2)">
              <conditions>
                <condition number="105" type="jump" coverage="100%" />
              </conditions>
            </line>
            <line number="26" hits="4" branch="False" />
            <line number="27" hits="7" branch="True" condition-coverage="100% (2/2)">
              <conditions>
                <condition number="38" type="jump" coverage="100%" />
              </conditions>
            </line>
            <line number="28" hits="1" branch="False" />
            <line number="29" hits="1" branch="False" />
            <line number="30" hits="1" branch="False" />
            <line number="31" hits="1" branch="False" />
            <line number="33" hits="1" branch="False" />
            <line number="34" hits="1" branch="False" />
            <line number="36" hits="2" branch="False" />
            <line number="37" hits="2" branch="False" />
            <line number="38" hits="2" branch="False" />
            <line number="40" hits="14" branch="True" condition-coverage="100% (2/2)">
              <conditions>
                <condition number="94" type="jump" coverage="100%" />
              </conditions>
            </line>
            <line number="41" hits="6" branch="False" />
            <line number="42" hits="11" branch="True" condition-coverage="100% (2/2)">
              <conditions>
                <condition number="51" type="jump" coverage="100%" />
              </conditions>
            </line>
            <line number="43" hits="1" branch="False" />
            <line number="44" hits="1" branch="False" />
            <line number="45" hits="1" branch="False" />
            <line number="47" hits="1" branch="False" />
            <line number="48" hits="1" branch="False" />
            <line number="50" hits="2" branch="False" />
            <line number="51" hits="2" branch="False" />
            <line number="52" hits="2" branch="False" />
            <line number="53" hits="2" branch="False" />
            <line number="55" hits="1" branch="False" />
            <line number="56" hits="1" branch="False" />
            <line number="57" hits="17" branch="True" condition-coverage="91.66% (11/12)">
              <conditions>
                <condition number="34" type="jump" coverage="100%" />
                <condition number="65" type="jump" coverage="100%" />
                <condition number="102" type="jump" coverage="100%" />
                <condition number="137" type="jump" coverage="100%" />
                <condition number="173" type="jump" coverage="100%" />
                <condition number="250" type="jump" coverage="50%" />
              </conditions>
            </line>
            <line number="58" hits="1" branch="False" />
            <line number="59" hits="1" branch="False" />
            <line number="60" hits="1" branch="False" />
            <line number="61" hits="1" branch="False" />
            <line number="63" hits="0" branch="False" />
            <line number="64" hits="1" branch="False" />
            <line number="67" hits="1" branch="False" />
            <line number="68" hits="1" branch="False" />
            <line number="69" hits="28" branch="True" condition-coverage="100% (10/10)">
              <conditions>
                <condition number="34" type="jump" coverage="100%" />
                <condition number="65" type="jump" coverage="100%" />
                <condition number="102" type="jump" coverage="100%" />
                <condition number="137" type="jump" coverage="100%" />
                <condition number="213" type="jump" coverage="100%" />
              </conditions>
            </line>
            <line number="70" hits="1" branch="False" />
            <line number="71" hits="1" branch="False" />
            <line number="72" hits="1" branch="False" />
            <line number="73" hits="1" branch="False" />
            <line number="74" hits="1" branch="False" />
            <line number="11" hits="8" branch="False" />
            <line number="12" hits="8" branch="False" />
          </lines>
        </class>
        <class name="AlertToCareAPI.Repositories.Field_Validators.AddressFieldsValidator" filename="Repositories\Field Validators\AddressFieldsValidator.cs" line-rate="1" branch-rate="1" complexity="2">
          <methods>
            <method name="ValidateAddressFields" signature="(AlertToCareAPI.Models.PatientAddress)" line-rate="1" branch-rate="1">
              <lines>
                <line number="9" hits="3" branch="False" />
                <line number="10" hits="3" branch="False" />
                <line number="11" hits="3" branch="False" />
                <line number="12" hits="3" branch="False" />
                <line number="13" hits="3" branch="False" />
                <line number="14" hits="3" branch="False" />
                <line number="16" hits="3" branch="False" />
              </lines>
            </method>
            <method name=".ctor" signature="()" line-rate="1" branch-rate="1">
              <lines>
                <line number="7" hits="8" branch="False" />
              </lines>
            </method>
          </methods>
          <lines>
            <line number="9" hits="3" branch="False" />
            <line number="10" hits="3" branch="False" />
            <line number="11" hits="3" branch="False" />
            <line number="12" hits="3" branch="False" />
            <line number="13" hits="3" branch="False" />
            <line number="14" hits="3" branch="False" />
            <line number="16" hits="3" branch="False" />
            <line number="7" hits="8" branch="False" />
          </lines>
        </class>
        <class name="AlertToCareAPI.Repositories.Field_Validators.CommonFieldValidator" filename="Repositories\Field Validators\CommonFieldValidator.cs" line-rate="1" branch-rate="1" complexity="2">
          <methods>
            <method name="IsWhitespaceOrEmptyOrNull" signature="(System.String)" line-rate="1" branch-rate="1">
              <lines>
                <line number="9" hits="55" branch="False" />
                <line number="10" hits="55" branch="False" />
                <line number="11" hits="55" branch="False" />
                <line number="13" hits="55" branch="True" condition-coverage="100% (2/2)">
                  <conditions>
                    <condition number="23" type="jump" coverage="100%" />
                  </conditions>
                </line>
                <line number="14" hits="54" branch="False" />
                <line number="15" hits="54" branch="False" />
                <line number="17" hits="1" branch="False" />
                <line number="18" hits="54" branch="False" />
              </lines>
            </method>
          </methods>
          <lines>
            <line number="9" hits="55" branch="False" />
            <line number="10" hits="55" branch="False" />
            <line number="11" hits="55" branch="False" />
            <line number="13" hits="55" branch="True" condition-coverage="100% (2/2)">
              <conditions>
                <condition number="23" type="jump" coverage="100%" />
              </conditions>
            </line>
            <line number="14" hits="54" branch="False" />
            <line number="15" hits="54" branch="False" />
            <line number="17" hits="1" branch="False" />
            <line number="18" hits="54" branch="False" />
          </lines>
        </class>
        <class name="AlertToCareAPI.Repositories.Field_Validators.IcuFieldsValidator" filename="Repositories\Field Validators\IcuFieldsValidator.cs" line-rate="0.8332999999999999" branch-rate="0.5" complexity="4">
          <methods>
            <method name="ValidateIcuRecord" signature="(AlertToCareAPI.Models.ICUBedDetails)" line-rate="1" branch-rate="1">
              <lines>
                <line number="12" hits="4" branch="False" />
                <line number="13" hits="4" branch="False" />
                <line number="14" hits="3" branch="False" />
                <line number="15" hits="3" branch="False" />
                <line number="18" hits="3" branch="False" />
              </lines>
            </method>
            <method name="ValidateNewIcuId" signature="(System.String,AlertToCareAPI.Models.ICUBedDetails,System.Collections.Generic.List`1&lt;AlertToCareAPI.Models.ICUBedDetails&gt;)" line-rate="0.6666" branch-rate="0.5">
              <lines>
                <line number="21" hits="2" branch="False" />
                <line number="22" hits="6" branch="True" condition-coverage="50% (1/2)">
                  <conditions>
                    <condition number="34" type="jump" coverage="50%" />
                  </conditions>
                </line>
                <line number="23" hits="0" branch="False" />
                <line number="24" hits="0" branch="False" />
                <line number="27" hits="2" branch="False" />
                <line number="28" hits="1" branch="False" />
              </lines>
            </method>
            <method name=".ctor" signature="()" line-rate="1" branch-rate="1">
              <lines>
                <line number="10" hits="8" branch="False" />
              </lines>
            </method>
          </methods>
          <lines>
            <line number="12" hits="4" branch="False" />
            <line number="13" hits="4" branch="False" />
            <line number="14" hits="3" branch="False" />
            <line number="15" hits="3" branch="False" />
            <line number="18" hits="3" branch="False" />
            <line number="21" hits="2" branch="False" />
            <line number="22" hits="6" branch="True" condition-coverage="50% (1/2)">
              <conditions>
                <condition number="34" type="jump" coverage="50%" />
              </conditions>
            </line>
            <line number="23" hits="0" branch="False" />
            <line number="24" hits="0" branch="False" />
            <line number="27" hits="2" branch="False" />
            <line number="28" hits="1" branch="False" />
            <line number="10" hits="8" branch="False" />
          </lines>
        </class>
        <class name="AlertToCareAPI.Repositories.Field_Validators.PatientFieldsValidator" filename="Repositories\Field Validators\PatientFieldsValidator.cs" line-rate="0.9111" branch-rate="0.625" complexity="10">
          <methods>
            <method name="ValidatePatientRecord" signature="(AlertToCareAPI.Models.PatientDetails)" line-rate="1" branch-rate="1">
              <lines>
                <line number="14" hits="3" branch="False" />
                <line number="15" hits="3" branch="False" />
                <line number="16" hits="3" branch="False" />
                <line number="17" hits="3" branch="False" />
                <line number="18" hits="3" branch="False" />
                <line number="19" hits="3" branch="False" />
                <line number="20" hits="3" branch="False" />
                <line number="21" hits="3" branch="False" />
                <line number="22" hits="3" branch="False" />
                <line number="23" hits="3" branch="False" />
                <line number="24" hits="3" branch="False" />
                <line number="25" hits="3" branch="False" />
                <line number="27" hits="3" branch="False" />
              </lines>
            </method>
            <method name="ValidateNewPatientId" signature="(System.String,AlertToCareAPI.Models.PatientDetails,System.Collections.Generic.List`1&lt;AlertToCareAPI.Models.PatientDetails&gt;)" line-rate="0.7142000000000001" branch-rate="0.5">
              <lines>
                <line number="30" hits="2" branch="False" />
                <line number="31" hits="2" branch="False" />
                <line number="32" hits="4" branch="True" condition-coverage="50% (1/2)">
                  <conditions>
                    <condition number="46" type="jump" coverage="50%" />
                  </conditions>
                </line>
                <line number="33" hits="0" branch="False" />
                <line number="34" hits="0" branch="False" />
                <line number="37" hits="1" branch="False" />
                <line number="38" hits="1" branch="False" />
              </lines>
            </method>
            <method name="CheckConsistencyInPatientIdFields" signature="(AlertToCareAPI.Models.PatientDetails)" line-rate="0.8332999999999999" branch-rate="0.5">
              <lines>
                <line number="41" hits="3" branch="False" />
                <line number="42" hits="3" branch="True" condition-coverage="50% (1/2)">
                  <conditions>
                    <condition number="26" type="jump" coverage="50%" />
                  </conditions>
                </line>
                <line number="43" hits="3" branch="False" />
                <line number="44" hits="3" branch="False" />
                <line number="46" hits="0" branch="False" />
                <line number="47" hits="3" branch="False" />
              </lines>
            </method>
            <method name="CheckConsistencyInIcuIdFields" signature="(System.String,System.String)" line-rate="0.875" branch-rate="0.5">
              <lines>
                <line number="50" hits="3" branch="False" />
                <line number="51" hits="3" branch="False" />
                <line number="52" hits="3" branch="False" />
                <line number="53" hits="21" branch="True" condition-coverage="50% (1/2)">
                  <conditions>
                    <condition number="71" type="jump" coverage="50%" />
                  </conditions>
                </line>
                <line number="54" hits="3" branch="False" />
                <line number="55" hits="3" branch="False" />
                <line number="57" hits="0" branch="False" />
                <line number="58" hits="3" branch="False" />
              </lines>
            </method>
            <method name="CheckIcuPresence" signature="(System.String)" line-rate="1" branch-rate="1">
              <lines>
                <line number="61" hits="2" branch="False" />
                <line number="62" hits="2" branch="False" />
                <line number="63" hits="2" branch="False" />
                <line number="64" hits="5" branch="True" condition-coverage="100% (2/2)">
                  <conditions>
                    <condition number="47" type="jump" coverage="100%" />
                  </conditions>
                </line>
                <line number="65" hits="1" branch="False" />
                <line number="66" hits="1" branch="False" />
                <line number="69" hits="1" branch="False" />
                <line number="70" hits="1" branch="False" />
              </lines>
            </method>
            <method name=".ctor" signature="()" line-rate="1" branch-rate="1">
              <lines>
                <line number="10" hits="8" branch="False" />
                <line number="11" hits="8" branch="False" />
                <line number="12" hits="8" branch="False" />
              </lines>
            </method>
          </methods>
          <lines>
            <line number="14" hits="3" branch="False" />
            <line number="15" hits="3" branch="False" />
            <line number="16" hits="3" branch="False" />
            <line number="17" hits="3" branch="False" />
            <line number="18" hits="3" branch="False" />
            <line number="19" hits="3" branch="False" />
            <line number="20" hits="3" branch="False" />
            <line number="21" hits="3" branch="False" />
            <line number="22" hits="3" branch="False" />
            <line number="23" hits="3" branch="False" />
            <line number="24" hits="3" branch="False" />
            <line number="25" hits="3" branch="False" />
            <line number="27" hits="3" branch="False" />
            <line number="30" hits="2" branch="False" />
            <line number="31" hits="2" branch="False" />
            <line number="32" hits="4" branch="True" condition-coverage="50% (1/2)">
              <conditions>
                <condition number="46" type="jump" coverage="50%" />
              </conditions>
            </line>
            <line number="33" hits="0" branch="False" />
            <line number="34" hits="0" branch="False" />
            <line number="37" hits="1" branch="False" />
            <line number="38" hits="1" branch="False" />
            <line number="41" hits="3" branch="False" />
            <line number="42" hits="3" branch="True" condition-coverage="50% (1/2)">
              <conditions>
                <condition number="26" type="jump" coverage="50%" />
              </conditions>
            </line>
            <line number="43" hits="3" branch="False" />
            <line number="44" hits="3" branch="False" />
            <line number="46" hits="0" branch="False" />
            <line number="47" hits="3" branch="False" />
            <line number="50" hits="3" branch="False" />
            <line number="51" hits="3" branch="False" />
            <line number="52" hits="3" branch="False" />
            <line number="53" hits="21" branch="True" condition-coverage="50% (1/2)">
              <conditions>
                <condition number="71" type="jump" coverage="50%" />
              </conditions>
            </line>
            <line number="54" hits="3" branch="False" />
            <line number="55" hits="3" branch="False" />
            <line number="57" hits="0" branch="False" />
            <line number="58" hits="3" branch="False" />
            <line number="61" hits="2" branch="False" />
            <line number="62" hits="2" branch="False" />
            <line number="63" hits="2" branch="False" />
            <line number="64" hits="5" branch="True" condition-coverage="100% (2/2)">
              <conditions>
                <condition number="47" type="jump" coverage="100%" />
              </conditions>
            </line>
            <line number="65" hits="1" branch="False" />
            <line number="66" hits="1" branch="False" />
            <line number="69" hits="1" branch="False" />
            <line number="70" hits="1" branch="False" />
            <line number="10" hits="8" branch="False" />
            <line number="11" hits="8" branch="False" />
            <line number="12" hits="8" branch="False" />
          </lines>
        </class>
        <class name="AlertToCareAPI.Repositories.Field_Validators.VitalFieldsValidator" filename="Repositories\Field Validators\VitalFieldsValidator.cs" line-rate="1" branch-rate="1" complexity="2">
          <methods>
            <method name="ValidateVitalsList" signature="(AlertToCareAPI.Models.VitalsCategory)" line-rate="1" branch-rate="1">
              <lines>
                <line number="11" hits="3" branch="False" />
                <line number="12" hits="3" branch="False" />
                <line number="13" hits="3" branch="False" />
                <line number="14" hits="3" branch="False" />
                <line number="16" hits="3" branch="False" />
              </lines>
            </method>
            <method name=".ctor" signature="()" line-rate="1" branch-rate="1">
              <lines>
                <line number="9" hits="8" branch="False" />
              </lines>
            </method>
          </methods>
          <lines>
            <line number="11" hits="3" branch="False" />
            <line number="12" hits="3" branch="False" />
            <line number="13" hits="3" branch="False" />
            <line number="14" hits="3" branch="False" />
            <line number="16" hits="3" branch="False" />
            <line number="9" hits="8" branch="False" />
          </lines>
        </class>
        <class name="AlertToCareAPI.Models.BedDetails" filename="Models\BedDetails.cs" line-rate="1" branch-rate="1" complexity="3">
          <methods>
            <method name="get_BedId" signature="()" line-rate="1" branch-rate="1">
              <lines>
                <line number="6" hits="719" branch="False" />
              </lines>
            </method>
            <method name="get_IcuId" signature="()" line-rate="1" branch-rate="1">
              <lines>
                <line number="7" hits="692" branch="False" />
              </lines>
            </method>
            <method name="get_Status" signature="()" line-rate="1" branch-rate="1">
              <lines>
                <line number="8" hits="692" branch="False" />
              </lines>
            </method>
          </methods>
          <lines>
            <line number="6" hits="719" branch="False" />
            <line number="7" hits="692" branch="False" />
            <line number="8" hits="692" branch="False" />
          </lines>
        </class>
        <class name="AlertToCareAPI.Models.ICUBedDetails" filename="Models\ICUBedDetails.cs" line-rate="1" branch-rate="1" complexity="4">
          <methods>
            <method name="get_IcuId" signature="()" line-rate="1" branch-rate="1">
              <lines>
                <line number="9" hits="162" branch="False" />
              </lines>
            </method>
            <method name="get_LayoutId" signature="()" line-rate="1" branch-rate="1">
              <lines>
                <line number="10" hits="145" branch="False" />
              </lines>
            </method>
            <method name="get_BedsCount" signature="()" line-rate="1" branch-rate="1">
              <lines>
                <line number="11" hits="146" branch="False" />
              </lines>
            </method>
            <method name="get_Beds" signature="()" line-rate="1" branch-rate="1">
              <lines>
                <line number="12" hits="194" branch="False" />
              </lines>
            </method>
          </methods>
          <lines>
            <line number="9" hits="162" branch="False" />
            <line number="10" hits="145" branch="False" />
            <line number="11" hits="146" branch="False" />
            <line number="12" hits="194" branch="False" />
          </lines>
        </class>
        <class name="AlertToCareAPI.Models.PatientAddress" filename="Models\PatientAddress.cs" line-rate="1" branch-rate="1" complexity="5">
          <methods>
            <method name="get_HouseNo" signature="()" line-rate="1" branch-rate="1">
              <lines>
                <line number="7" hits="188" branch="False" />
              </lines>
            </method>
            <method name="get_Street" signature="()" line-rate="1" branch-rate="1">
              <lines>
                <line number="8" hits="188" branch="False" />
              </lines>
            </method>
            <method name="get_City" signature="()" line-rate="1" branch-rate="1">
              <lines>
                <line number="9" hits="188" branch="False" />
              </lines>
            </method>
            <method name="get_State" signature="()" line-rate="1" branch-rate="1">
              <lines>
                <line number="10" hits="188" branch="False" />
              </lines>
            </method>
            <method name="get_Pincode" signature="()" line-rate="1" branch-rate="1">
              <lines>
                <line number="11" hits="188" branch="False" />
              </lines>
            </method>
          </methods>
          <lines>
            <line number="7" hits="188" branch="False" />
            <line number="8" hits="188" branch="False" />
            <line number="9" hits="188" branch="False" />
            <line number="10" hits="188" branch="False" />
            <line number="11" hits="188" branch="False" />
          </lines>
        </class>
        <class name="AlertToCareAPI.Models.PatientDetails" filename="Models\PatientDetails.cs" line-rate="1" branch-rate="1" complexity="9">
          <methods>
            <method name="get_PatientId" signature="()" line-rate="1" branch-rate="1">
              <lines>
                <line number="8" hits="207" branch="False" />
              </lines>
            </method>
            <method name="get_PatientName" signature="()" line-rate="1" branch-rate="1">
              <lines>
                <line number="9" hits="188" branch="False" />
              </lines>
            </method>
            <method name="get_Age" signature="()" line-rate="1" branch-rate="1">
              <lines>
                <line number="10" hits="188" branch="False" />
              </lines>
            </method>
            <method name="get_ContactNo" signature="()" line-rate="1" branch-rate="1">
              <lines>
                <line number="11" hits="188" branch="False" />
              </lines>
            </method>
            <method name="get_Email" signature="()" line-rate="1" branch-rate="1">
              <lines>
                <line number="12" hits="188" branch="False" />
              </lines>
            </method>
            <method name="get_BedId" signature="()" line-rate="1" branch-rate="1">
              <lines>
                <line number="13" hits="193" branch="False" />
              </lines>
            </method>
            <method name="get_IcuId" signature="()" line-rate="1" branch-rate="1">
              <lines>
                <line number="14" hits="192" branch="False" />
              </lines>
            </method>
            <method name="get_Vitals" signature="()" line-rate="1" branch-rate="1">
              <lines>
                <line number="15" hits="221" branch="False" />
              </lines>
            </method>
            <method name="get_Address" signature="()" line-rate="1" branch-rate="1">
              <lines>
                <line number="16" hits="215" branch="False" />
              </lines>
            </method>
          </methods>
          <lines>
            <line number="8" hits="207" branch="False" />
            <line number="9" hits="188" branch="False" />
            <line number="10" hits="188" branch="False" />
            <line number="11" hits="188" branch="False" />
            <line number="12" hits="188" branch="False" />
            <line number="13" hits="193" branch="False" />
            <line number="14" hits="192" branch="False" />
            <line number="15" hits="221" branch="False" />
            <line number="16" hits="215" branch="False" />
          </lines>
        </class>
        <class name="AlertToCareAPI.Models.VitalsCategory" filename="Models\VitalsCategory.cs" line-rate="1" branch-rate="1" complexity="4">
          <methods>
            <method name="get_PatientId" signature="()" line-rate="1" branch-rate="1">
              <lines>
                <line number="7" hits="191" branch="False" />
              </lines>
            </method>
            <method name="get_Bpm" signature="()" line-rate="1" branch-rate="1">
              <lines>
                <line number="8" hits="191" branch="False" />
              </lines>
            </method>
            <method name="get_Spo2" signature="()" line-rate="1" branch-rate="1">
              <lines>
                <line number="9" hits="191" branch="False" />
              </lines>
            </method>
            <method name="get_RespRate" signature="()" line-rate="1" branch-rate="1">
              <lines>
                <line number="10" hits="191" branch="False" />
              </lines>
            </method>
          </methods>
          <lines>
            <line number="7" hits="191" branch="False" />
            <line number="8" hits="191" branch="False" />
            <line number="9" hits="191" branch="False" />
            <line number="10" hits="191" branch="False" />
          </lines>
        </class>
        <class name="AlertToCareAPI.Database.Database" filename="Database\Database.cs" line-rate="1" branch-rate="0.875" complexity="17">
          <methods>
            <method name="WriteToPatientsDatabase" signature="(System.Collections.Generic.List`1&lt;AlertToCareAPI.Models.PatientDetails&gt;)" line-rate="1" branch-rate="1">
              <lines>
                <line number="183" hits="25" branch="False" />
                <line number="184" hits="25" branch="False" />
                <line number="185" hits="25" branch="False" />
                <line number="186" hits="227" branch="True" condition-coverage="100% (2/2)">
                  <conditions>
                    <condition number="62" type="jump" coverage="100%" />
                  </conditions>
                </line>
                <line number="187" hits="76" branch="False" />
                <line number="188" hits="76" branch="False" />
                <line number="189" hits="76" branch="False" />
                <line number="190" hits="25" branch="False" />
                <line number="191" hits="25" branch="False" />
              </lines>
            </method>
            <method name="WriteToIcuDatabase" signature="(System.Collections.Generic.List`1&lt;AlertToCareAPI.Models.ICUBedDetails&gt;)" line-rate="1" branch-rate="1">
              <lines>
                <line number="194" hits="27" branch="False" />
                <line number="195" hits="27" branch="False" />
                <line number="196" hits="27" branch="False" />
                <line number="197" hits="191" branch="True" condition-coverage="100% (2/2)">
                  <conditions>
                    <condition number="62" type="jump" coverage="100%" />
                  </conditions>
                </line>
                <line number="198" hits="55" branch="False" />
                <line number="199" hits="55" branch="False" />
                <line number="200" hits="55" branch="False" />
                <line number="201" hits="27" branch="False" />
                <line number="202" hits="27" branch="False" />
              </lines>
            </method>
            <method name="ReadIcuDatabase" signature="()" line-rate="1" branch-rate="0.75">
              <lines>
                <line number="206" hits="15" branch="False" />
                <line number="207" hits="15" branch="False" />
                <line number="208" hits="15" branch="False" />
                <line number="209" hits="15" branch="False" />
                <line number="210" hits="44" branch="True" condition-coverage="100% (2/2)">
                  <conditions>
                    <condition number="78" type="jump" coverage="100%" />
                  </conditions>
                </line>
                <line number="211" hits="29" branch="False" />
                <line number="212" hits="29" branch="False" />
                <line number="213" hits="29" branch="True" condition-coverage="50% (1/2)">
                  <conditions>
                    <condition number="40" type="jump" coverage="50%" />
                  </conditions>
                </line>
                <line number="214" hits="29" branch="False" />
                <line number="215" hits="29" branch="False" />
                <line number="217" hits="15" branch="False" />
                <line number="218" hits="15" branch="False" />
                <line number="219" hits="15" branch="False" />
              </lines>
            </method>
            <method name="ReadPatientDatabase" signature="()" line-rate="1" branch-rate="0.75">
              <lines>
                <line number="221" hits="9" branch="False" />
                <line number="222" hits="9" branch="False" />
                <line number="223" hits="9" branch="False" />
                <line number="224" hits="9" branch="False" />
                <line number="225" hits="36" branch="True" condition-coverage="100% (2/2)">
                  <conditions>
                    <condition number="78" type="jump" coverage="100%" />
                  </conditions>
                </line>
                <line number="226" hits="27" branch="False" />
                <line number="227" hits="27" branch="False" />
                <line number="228" hits="27" branch="True" condition-coverage="50% (1/2)">
                  <conditions>
                    <condition number="40" type="jump" coverage="50%" />
                  </conditions>
                </line>
                <line number="229" hits="27" branch="False" />
                <line number="230" hits="27" branch="False" />
                <line number="232" hits="9" branch="False" />
                <line number="233" hits="9" branch="False" />
                <line number="234" hits="9" branch="False" />
              </lines>
            </method>
            <method name="ReadVitalsDatabase" signature="()" line-rate="1" branch-rate="1">
              <lines>
                <line number="237" hits="1" branch="False" />
                <line number="238" hits="1" branch="False" />
                <line number="239" hits="4" branch="True" condition-coverage="100% (2/2)">
                  <conditions>
                    <condition number="15" type="jump" coverage="100%" />
                  </conditions>
                </line>
                <line number="240" hits="1" branch="False" />
              </lines>
            </method>
            <method name="ReadBedsDatabase" signature="()" line-rate="1" branch-rate="1">
              <lines>
                <line number="243" hits="3" branch="False" />
                <line number="244" hits="3" branch="False" />
                <line number="245" hits="10" branch="True" condition-coverage="100% (2/2)">
                  <conditions>
                    <condition number="15" type="jump" coverage="100%" />
                  </conditions>
                </line>
                <line number="246" hits="3" branch="False" />
              </lines>
            </method>
            <method name=".ctor" signature="()" line-rate="1" branch-rate="1">
              <lines>
                <line number="11" hits="22" branch="False" />
                <line number="12" hits="22" branch="False" />
                <line number="13" hits="22" branch="False" />
                <line number="14" hits="22" branch="False" />
                <line number="15" hits="22" branch="False" />
                <line number="16" hits="22" branch="False" />
                <line number="18" hits="22" branch="False" />
                <line number="19" hits="22" branch="False" />
                <line number="20" hits="22" branch="False" />
                <line number="21" hits="22" branch="False" />
                <line number="22" hits="22" branch="False" />
                <line number="23" hits="22" branch="False" />
                <line number="24" hits="22" branch="False" />
                <line number="25" hits="22" branch="False" />
                <line number="26" hits="22" branch="False" />
                <line number="27" hits="22" branch="False" />
                <line number="28" hits="22" branch="False" />
                <line number="29" hits="22" branch="False" />
                <line number="30" hits="22" branch="False" />
                <line number="31" hits="22" branch="False" />
                <line number="32" hits="22" branch="False" />
                <line number="33" hits="22" branch="False" />
                <line number="34" hits="22" branch="False" />
                <line number="35" hits="22" branch="False" />
                <line number="36" hits="22" branch="False" />
                <line number="37" hits="22" branch="False" />
                <line number="38" hits="22" branch="False" />
                <line number="39" hits="22" branch="False" />
                <line number="40" hits="22" branch="False" />
                <line number="41" hits="22" branch="False" />
                <line number="42" hits="22" branch="False" />
                <line number="43" hits="22" branch="False" />
                <line number="44" hits="22" branch="False" />
                <line number="45" hits="22" branch="False" />
                <line number="46" hits="22" branch="False" />
                <line number="47" hits="22" branch="False" />
                <line number="48" hits="22" branch="False" />
                <line number="49" hits="22" branch="False" />
                <line number="50" hits="22" branch="False" />
                <line number="51" hits="22" branch="False" />
                <line number="52" hits="22" branch="False" />
                <line number="53" hits="22" branch="False" />
                <line number="54" hits="22" branch="False" />
                <line number="55" hits="22" branch="False" />
                <line number="56" hits="22" branch="False" />
                <line number="57" hits="22" branch="False" />
                <line number="58" hits="22" branch="False" />
                <line number="59" hits="22" branch="False" />
                <line number="60" hits="22" branch="False" />
                <line number="61" hits="22" branch="False" />
                <line number="62" hits="22" branch="False" />
                <line number="63" hits="22" branch="False" />
                <line number="64" hits="22" branch="False" />
                <line number="65" hits="22" branch="False" />
                <line number="66" hits="22" branch="False" />
                <line number="67" hits="22" branch="False" />
                <line number="68" hits="22" branch="False" />
                <line number="69" hits="22" branch="False" />
                <line number="70" hits="22" branch="False" />
                <line number="72" hits="22" branch="False" />
                <line number="73" hits="22" branch="False" />
                <line number="74" hits="22" branch="False" />
                <line number="75" hits="22" branch="False" />
                <line number="76" hits="22" branch="False" />
                <line number="77" hits="22" branch="False" />
                <line number="78" hits="22" branch="False" />
                <line number="79" hits="22" branch="False" />
                <line number="80" hits="22" branch="False" />
                <line number="81" hits="22" branch="False" />
                <line number="82" hits="22" branch="False" />
                <line number="83" hits="22" branch="False" />
                <line number="84" hits="22" branch="False" />
                <line number="85" hits="22" branch="False" />
                <line number="86" hits="22" branch="False" />
                <line number="87" hits="22" branch="False" />
                <line number="88" hits="22" branch="False" />
                <line number="89" hits="22" branch="False" />
                <line number="90" hits="22" branch="False" />
                <line number="91" hits="22" branch="False" />
                <line number="92" hits="22" branch="False" />
                <line number="93" hits="22" branch="False" />
                <line number="94" hits="22" branch="False" />
                <line number="95" hits="22" branch="False" />
                <line number="96" hits="22" branch="False" />
                <line number="97" hits="22" branch="False" />
                <line number="99" hits="22" branch="False" />
                <line number="100" hits="22" branch="False" />
                <line number="101" hits="22" branch="False" />
                <line number="102" hits="22" branch="False" />
                <line number="103" hits="22" branch="False" />
                <line number="104" hits="22" branch="False" />
                <line number="105" hits="22" branch="False" />
                <line number="106" hits="22" branch="False" />
                <line number="107" hits="22" branch="False" />
                <line number="108" hits="22" branch="False" />
                <line number="109" hits="22" branch="False" />
                <line number="110" hits="22" branch="False" />
                <line number="111" hits="22" branch="False" />
                <line number="112" hits="22" branch="False" />
                <line number="113" hits="22" branch="False" />
                <line number="114" hits="22" branch="False" />
                <line number="115" hits="22" branch="False" />
                <line number="116" hits="22" branch="False" />
                <line number="117" hits="22" branch="False" />
                <line number="118" hits="22" branch="False" />
                <line number="119" hits="22" branch="False" />
                <line number="120" hits="22" branch="False" />
                <line number="121" hits="22" branch="False" />
                <line number="122" hits="22" branch="False" />
                <line number="123" hits="22" branch="False" />
                <line number="124" hits="22" branch="False" />
                <line number="125" hits="22" branch="False" />
                <line number="126" hits="22" branch="False" />
                <line number="127" hits="22" branch="False" />
                <line number="128" hits="22" branch="False" />
                <line number="129" hits="22" branch="False" />
                <line number="130" hits="22" branch="False" />
                <line number="131" hits="22" branch="False" />
                <line number="132" hits="22" branch="False" />
                <line number="133" hits="22" branch="False" />
                <line number="134" hits="22" branch="False" />
                <line number="135" hits="22" branch="False" />
                <line number="136" hits="22" branch="False" />
                <line number="137" hits="22" branch="False" />
                <line number="138" hits="22" branch="False" />
                <line number="139" hits="22" branch="False" />
                <line number="140" hits="22" branch="False" />
                <line number="141" hits="22" branch="False" />
                <line number="142" hits="22" branch="False" />
                <line number="143" hits="22" branch="False" />
                <line number="144" hits="22" branch="False" />
                <line number="145" hits="22" branch="False" />
                <line number="146" hits="22" branch="False" />
                <line number="147" hits="22" branch="False" />
                <line number="149" hits="22" branch="False" />
                <line number="151" hits="22" branch="False" />
                <line number="152" hits="22" branch="False" />
                <line number="153" hits="22" branch="False" />
                <line number="154" hits="22" branch="False" />
                <line number="155" hits="22" branch="False" />
                <line number="156" hits="22" branch="False" />
                <line number="157" hits="22" branch="False" />
                <line number="158" hits="22" branch="False" />
                <line number="159" hits="22" branch="False" />
                <line number="160" hits="22" branch="False" />
                <line number="161" hits="22" branch="False" />
                <line number="162" hits="22" branch="False" />
                <line number="163" hits="22" branch="False" />
                <line number="164" hits="22" branch="False" />
                <line number="165" hits="22" branch="False" />
                <line number="166" hits="22" branch="False" />
                <line number="167" hits="22" branch="False" />
                <line number="168" hits="22" branch="False" />
                <line number="170" hits="22" branch="False" />
                <line number="171" hits="22" branch="False" />
                <line number="172" hits="22" branch="False" />
                <line number="173" hits="22" branch="False" />
                <line number="174" hits="22" branch="False" />
                <line number="175" hits="22" branch="False" />
                <line number="176" hits="22" branch="False" />
                <line number="178" hits="22" branch="False" />
                <line number="179" hits="22" branch="False" />
                <line number="180" hits="22" branch="False" />
              </lines>
            </method>
          </methods>
          <lines>
            <line number="183" hits="25" branch="False" />
            <line number="184" hits="25" branch="False" />
            <line number="185" hits="25" branch="False" />
            <line number="186" hits="227" branch="True" condition-coverage="100% (2/2)">
              <conditions>
                <condition number="62" type="jump" coverage="100%" />
              </conditions>
            </line>
            <line number="187" hits="76" branch="False" />
            <line number="188" hits="76" branch="False" />
            <line number="189" hits="76" branch="False" />
            <line number="190" hits="25" branch="False" />
            <line number="191" hits="25" branch="False" />
            <line number="194" hits="27" branch="False" />
            <line number="195" hits="27" branch="False" />
            <line number="196" hits="27" branch="False" />
            <line number="197" hits="191" branch="True" condition-coverage="100% (2/2)">
              <conditions>
                <condition number="62" type="jump" coverage="100%" />
              </conditions>
            </line>
            <line number="198" hits="55" branch="False" />
            <line number="199" hits="55" branch="False" />
            <line number="200" hits="55" branch="False" />
            <line number="201" hits="27" branch="False" />
            <line number="202" hits="27" branch="False" />
            <line number="206" hits="15" branch="False" />
            <line number="207" hits="15" branch="False" />
            <line number="208" hits="15" branch="False" />
            <line number="209" hits="15" branch="False" />
            <line number="210" hits="44" branch="True" condition-coverage="100% (2/2)">
              <conditions>
                <condition number="78" type="jump" coverage="100%" />
              </conditions>
            </line>
            <line number="211" hits="29" branch="False" />
            <line number="212" hits="29" branch="False" />
            <line number="213" hits="29" branch="True" condition-coverage="50% (1/2)">
              <conditions>
                <condition number="40" type="jump" coverage="50%" />
              </conditions>
            </line>
            <line number="214" hits="29" branch="False" />
            <line number="215" hits="29" branch="False" />
            <line number="217" hits="15" branch="False" />
            <line number="218" hits="15" branch="False" />
            <line number="219" hits="15" branch="False" />
            <line number="221" hits="9" branch="False" />
            <line number="222" hits="9" branch="False" />
            <line number="223" hits="9" branch="False" />
            <line number="224" hits="9" branch="False" />
            <line number="225" hits="36" branch="True" condition-coverage="100% (2/2)">
              <conditions>
                <condition number="78" type="jump" coverage="100%" />
              </conditions>
            </line>
            <line number="226" hits="27" branch="False" />
            <line number="227" hits="27" branch="False" />
            <line number="228" hits="27" branch="True" condition-coverage="50% (1/2)">
              <conditions>
                <condition number="40" type="jump" coverage="50%" />
              </conditions>
            </line>
            <line number="229" hits="27" branch="False" />
            <line number="230" hits="27" branch="False" />
            <line number="232" hits="9" branch="False" />
            <line number="233" hits="9" branch="False" />
            <line number="234" hits="9" branch="False" />
            <line number="237" hits="1" branch="False" />
            <line number="238" hits="1" branch="False" />
            <line number="239" hits="4" branch="True" condition-coverage="100% (2/2)">
              <conditions>
                <condition number="15" type="jump" coverage="100%" />
              </conditions>
            </line>
            <line number="240" hits="1" branch="False" />
            <line number="243" hits="3" branch="False" />
            <line number="244" hits="3" branch="False" />
            <line number="245" hits="10" branch="True" condition-coverage="100% (2/2)">
              <conditions>
                <condition number="15" type="jump" coverage="100%" />
              </conditions>
            </line>
            <line number="246" hits="3" branch="False" />
            <line number="11" hits="22" branch="False" />
            <line number="12" hits="22" branch="False" />
            <line number="13" hits="22" branch="False" />
            <line number="14" hits="22" branch="False" />
            <line number="15" hits="22" branch="False" />
            <line number="16" hits="22" branch="False" />
            <line number="18" hits="22" branch="False" />
            <line number="19" hits="22" branch="False" />
            <line number="20" hits="22" branch="False" />
            <line number="21" hits="22" branch="False" />
            <line number="22" hits="22" branch="False" />
            <line number="23" hits="22" branch="False" />
            <line number="24" hits="22" branch="False" />
            <line number="25" hits="22" branch="False" />
            <line number="26" hits="22" branch="False" />
            <line number="27" hits="22" branch="False" />
            <line number="28" hits="22" branch="False" />
            <line number="29" hits="22" branch="False" />
            <line number="30" hits="22" branch="False" />
            <line number="31" hits="22" branch="False" />
            <line number="32" hits="22" branch="False" />
            <line number="33" hits="22" branch="False" />
            <line number="34" hits="22" branch="False" />
            <line number="35" hits="22" branch="False" />
            <line number="36" hits="22" branch="False" />
            <line number="37" hits="22" branch="False" />
            <line number="38" hits="22" branch="False" />
            <line number="39" hits="22" branch="False" />
            <line number="40" hits="22" branch="False" />
            <line number="41" hits="22" branch="False" />
            <line number="42" hits="22" branch="False" />
            <line number="43" hits="22" branch="False" />
            <line number="44" hits="22" branch="False" />
            <line number="45" hits="22" branch="False" />
            <line number="46" hits="22" branch="False" />
            <line number="47" hits="22" branch="False" />
            <line number="48" hits="22" branch="False" />
            <line number="49" hits="22" branch="False" />
            <line number="50" hits="22" branch="False" />
            <line number="51" hits="22" branch="False" />
            <line number="52" hits="22" branch="False" />
            <line number="53" hits="22" branch="False" />
            <line number="54" hits="22" branch="False" />
            <line number="55" hits="22" branch="False" />
            <line number="56" hits="22" branch="False" />
            <line number="57" hits="22" branch="False" />
            <line number="58" hits="22" branch="False" />
            <line number="59" hits="22" branch="False" />
            <line number="60" hits="22" branch="False" />
            <line number="61" hits="22" branch="False" />
            <line number="62" hits="22" branch="False" />
            <line number="63" hits="22" branch="False" />
            <line number="64" hits="22" branch="False" />
            <line number="65" hits="22" branch="False" />
            <line number="66" hits="22" branch="False" />
            <line number="67" hits="22" branch="False" />
            <line number="68" hits="22" branch="False" />
            <line number="69" hits="22" branch="False" />
            <line number="70" hits="22" branch="False" />
            <line number="72" hits="22" branch="False" />
            <line number="73" hits="22" branch="False" />
            <line number="74" hits="22" branch="False" />
            <line number="75" hits="22" branch="False" />
            <line number="76" hits="22" branch="False" />
            <line number="77" hits="22" branch="False" />
            <line number="78" hits="22" branch="False" />
            <line number="79" hits="22" branch="False" />
            <line number="80" hits="22" branch="False" />
            <line number="81" hits="22" branch="False" />
            <line number="82" hits="22" branch="False" />
            <line number="83" hits="22" branch="False" />
            <line number="84" hits="22" branch="False" />
            <line number="85" hits="22" branch="False" />
            <line number="86" hits="22" branch="False" />
            <line number="87" hits="22" branch="False" />
            <line number="88" hits="22" branch="False" />
            <line number="89" hits="22" branch="False" />
            <line number="90" hits="22" branch="False" />
            <line number="91" hits="22" branch="False" />
            <line number="92" hits="22" branch="False" />
            <line number="93" hits="22" branch="False" />
            <line number="94" hits="22" branch="False" />
            <line number="95" hits="22" branch="False" />
            <line number="96" hits="22" branch="False" />
            <line number="97" hits="22" branch="False" />
            <line number="99" hits="22" branch="False" />
            <line number="100" hits="22" branch="False" />
            <line number="101" hits="22" branch="False" />
            <line number="102" hits="22" branch="False" />
            <line number="103" hits="22" branch="False" />
            <line number="104" hits="22" branch="False" />
            <line number="105" hits="22" branch="False" />
            <line number="106" hits="22" branch="False" />
            <line number="107" hits="22" branch="False" />
            <line number="108" hits="22" branch="False" />
            <line number="109" hits="22" branch="False" />
            <line number="110" hits="22" branch="False" />
            <line number="111" hits="22" branch="False" />
            <line number="112" hits="22" branch="False" />
            <line number="113" hits="22" branch="False" />
            <line number="114" hits="22" branch="False" />
            <line number="115" hits="22" branch="False" />
            <line number="116" hits="22" branch="False" />
            <line number="117" hits="22" branch="False" />
            <line number="118" hits="22" branch="False" />
            <line number="119" hits="22" branch="False" />
            <line number="120" hits="22" branch="False" />
            <line number="121" hits="22" branch="False" />
            <line number="122" hits="22" branch="False" />
            <line number="123" hits="22" branch="False" />
            <line number="124" hits="22" branch="False" />
            <line number="125" hits="22" branch="False" />
            <line number="126" hits="22" branch="False" />
            <line number="127" hits="22" branch="False" />
            <line number="128" hits="22" branch="False" />
            <line number="129" hits="22" branch="False" />
            <line number="130" hits="22" branch="False" />
            <line number="131" hits="22" branch="False" />
            <line number="132" hits="22" branch="False" />
            <line number="133" hits="22" branch="False" />
            <line number="134" hits="22" branch="False" />
            <line number="135" hits="22" branch="False" />
            <line number="136" hits="22" branch="False" />
            <line number="137" hits="22" branch="False" />
            <line number="138" hits="22" branch="False" />
            <line number="139" hits="22" branch="False" />
            <line number="140" hits="22" branch="False" />
            <line number="141" hits="22" branch="False" />
            <line number="142" hits="22" branch="False" />
            <line number="143" hits="22" branch="False" />
            <line number="144" hits="22" branch="False" />
            <line number="145" hits="22" branch="False" />
            <line number="146" hits="22" branch="False" />
            <line number="147" hits="22" branch="False" />
            <line number="149" hits="22" branch="False" />
            <line number="151" hits="22" branch="False" />
            <line number="152" hits="22" branch="False" />
            <line number="153" hits="22" branch="False" />
            <line number="154" hits="22" branch="False" />
            <line number="155" hits="22" branch="False" />
            <line number="156" hits="22" branch="False" />
            <line number="157" hits="22" branch="False" />
            <line number="158" hits="22" branch="False" />
            <line number="159" hits="22" branch="False" />
            <line number="160" hits="22" branch="False" />
            <line number="161" hits="22" branch="False" />
            <line number="162" hits="22" branch="False" />
            <line number="163" hits="22" branch="False" />
            <line number="164" hits="22" branch="False" />
            <line number="165" hits="22" branch="False" />
            <line number="166" hits="22" branch="False" />
            <line number="167" hits="22" branch="False" />
            <line number="168" hits="22" branch="False" />
            <line number="170" hits="22" branch="False" />
            <line number="171" hits="22" branch="False" />
            <line number="172" hits="22" branch="False" />
            <line number="173" hits="22" branch="False" />
            <line number="174" hits="22" branch="False" />
            <line number="175" hits="22" branch="False" />
            <line number="176" hits="22" branch="False" />
            <line number="178" hits="22" branch="False" />
            <line number="179" hits="22" branch="False" />
            <line number="180" hits="22" branch="False" />
          </lines>
        </class>
        <class name="AlertToCareAPI.Controllers.IcuDetailsController" filename="Controllers\IcuDetailsController.cs" line-rate="0.9512" branch-rate="0.5" complexity="9">
          <methods>
            <method name="Get" signature="()" line-rate="1" branch-rate="1">
              <lines>
                <line number="22" hits="1" branch="False" />
                <line number="23" hits="1" branch="False" />
                <line number="24" hits="1" branch="False" />
              </lines>
            </method>
            <method name="Get" signature="(System.String)" line-rate="0.8" branch-rate="0.5">
              <lines>
                <line number="28" hits="1" branch="False" />
                <line number="29" hits="1" branch="False" />
                <line number="30" hits="4" branch="True" condition-coverage="50% (1/2)">
                  <conditions>
                    <condition number="66" type="jump" coverage="50%" />
                  </conditions>
                </line>
                <line number="31" hits="1" branch="False" />
                <line number="32" hits="1" branch="True" condition-coverage="50% (1/2)">
                  <conditions>
                    <condition number="45" type="jump" coverage="50%" />
                  </conditions>
                </line>
                <line number="33" hits="1" branch="False" />
                <line number="34" hits="1" branch="False" />
                <line number="36" hits="0" branch="False" />
                <line number="37" hits="0" branch="False" />
                <line number="38" hits="1" branch="False" />
              </lines>
            </method>
            <method name="Post" signature="(AlertToCareAPI.Models.ICUBedDetails)" line-rate="1" branch-rate="1">
              <lines>
                <line number="42" hits="2" branch="False" />
                <line number="44" hits="2" branch="False" />
                <line number="45" hits="2" branch="False" />
                <line number="47" hits="1" branch="False" />
                <line number="49" hits="1" branch="False" />
                <line number="50" hits="1" branch="False" />
                <line number="51" hits="1" branch="False" />
                <line number="53" hits="2" branch="False" />
              </lines>
            </method>
            <method name="Put" signature="(System.String,AlertToCareAPI.Models.ICUBedDetails)" line-rate="1" branch-rate="1">
              <lines>
                <line number="57" hits="2" branch="False" />
                <line number="59" hits="2" branch="False" />
                <line number="60" hits="2" branch="False" />
                <line number="61" hits="1" branch="False" />
                <line number="63" hits="1" branch="False" />
                <line number="64" hits="1" branch="False" />
                <line number="65" hits="1" branch="False" />
                <line number="68" hits="2" branch="False" />
              </lines>
            </method>
            <method name="Delete" signature="(System.String)" line-rate="1" branch-rate="1">
              <lines>
                <line number="72" hits="2" branch="False" />
                <line number="74" hits="2" branch="False" />
                <line number="75" hits="2" branch="False" />
                <line number="76" hits="1" branch="False" />
                <line number="78" hits="1" branch="False" />
                <line number="79" hits="1" branch="False" />
                <line number="80" hits="1" branch="False" />
                <line number="82" hits="2" branch="False" />
              </lines>
            </method>
            <method name=".ctor" signature="(AlertToCareAPI.Repositories.IIcuConfigurationRepo)" line-rate="1" branch-rate="1">
              <lines>
                <line number="15" hits="8" branch="False" />
                <line number="16" hits="8" branch="False" />
                <line number="17" hits="8" branch="False" />
                <line number="18" hits="8" branch="False" />
              </lines>
            </method>
          </methods>
          <lines>
            <line number="22" hits="1" branch="False" />
            <line number="23" hits="1" branch="False" />
            <line number="24" hits="1" branch="False" />
            <line number="28" hits="1" branch="False" />
            <line number="29" hits="1" branch="False" />
            <line number="30" hits="4" branch="True" condition-coverage="50% (1/2)">
              <conditions>
                <condition number="66" type="jump" coverage="50%" />
              </conditions>
            </line>
            <line number="31" hits="1" branch="False" />
            <line number="32" hits="1" branch="True" condition-coverage="50% (1/2)">
              <conditions>
                <condition number="45" type="jump" coverage="50%" />
              </conditions>
            </line>
            <line number="33" hits="1" branch="False" />
            <line number="34" hits="1" branch="False" />
            <line number="36" hits="0" branch="False" />
            <line number="37" hits="0" branch="False" />
            <line number="38" hits="1" branch="False" />
            <line number="42" hits="2" branch="False" />
            <line number="44" hits="2" branch="False" />
            <line number="45" hits="2" branch="False" />
            <line number="47" hits="1" branch="False" />
            <line number="49" hits="1" branch="False" />
            <line number="50" hits="1" branch="False" />
            <line number="51" hits="1" branch="False" />
            <line number="53" hits="2" branch="False" />
            <line number="57" hits="2" branch="False" />
            <line number="59" hits="2" branch="False" />
            <line number="60" hits="2" branch="False" />
            <line number="61" hits="1" branch="False" />
            <line number="63" hits="1" branch="False" />
            <line number="64" hits="1" branch="False" />
            <line number="65" hits="1" branch="False" />
            <line number="68" hits="2" branch="False" />
            <line number="72" hits="2" branch="False" />
            <line number="74" hits="2" branch="False" />
            <line number="75" hits="2" branch="False" />
            <line number="76" hits="1" branch="False" />
            <line number="78" hits="1" branch="False" />
            <line number="79" hits="1" branch="False" />
            <line number="80" hits="1" branch="False" />
            <line number="82" hits="2" branch="False" />
            <line number="15" hits="8" branch="False" />
            <line number="16" hits="8" branch="False" />
            <line number="17" hits="8" branch="False" />
            <line number="18" hits="8" branch="False" />
          </lines>
        </class>
        <class name="AlertToCareAPI.Controllers.IcuOccupancyDetailsController" filename="Controllers\IcuOccupancyDetailsController.cs" line-rate="0.9512" branch-rate="0.5" complexity="9">
          <methods>
            <method name="Get" signature="()" line-rate="1" branch-rate="1">
              <lines>
                <line number="22" hits="1" branch="False" />
                <line number="23" hits="1" branch="False" />
                <line number="25" hits="1" branch="False" />
              </lines>
            </method>
            <method name="Get" signature="(System.String)" line-rate="0.8" branch-rate="0.5">
              <lines>
                <line number="29" hits="1" branch="False" />
                <line number="30" hits="1" branch="False" />
                <line number="31" hits="4" branch="True" condition-coverage="50% (1/2)">
                  <conditions>
                    <condition number="66" type="jump" coverage="50%" />
                  </conditions>
                </line>
                <line number="32" hits="1" branch="False" />
                <line number="33" hits="1" branch="True" condition-coverage="50% (1/2)">
                  <conditions>
                    <condition number="45" type="jump" coverage="50%" />
                  </conditions>
                </line>
                <line number="34" hits="1" branch="False" />
                <line number="35" hits="1" branch="False" />
                <line number="37" hits="0" branch="False" />
                <line number="39" hits="0" branch="False" />
                <line number="40" hits="1" branch="False" />
              </lines>
            </method>
            <method name="Post" signature="(AlertToCareAPI.Models.PatientDetails)" line-rate="1" branch-rate="1">
              <lines>
                <line number="44" hits="2" branch="False" />
                <line number="46" hits="2" branch="False" />
                <line number="47" hits="2" branch="False" />
                <line number="48" hits="1" branch="False" />
                <line number="50" hits="1" branch="False" />
                <line number="51" hits="1" branch="False" />
                <line number="52" hits="1" branch="False" />
                <line number="54" hits="2" branch="False" />
              </lines>
            </method>
            <method name="Put" signature="(System.String,AlertToCareAPI.Models.PatientDetails)" line-rate="1" branch-rate="1">
              <lines>
                <line number="58" hits="2" branch="False" />
                <line number="60" hits="2" branch="False" />
                <line number="61" hits="2" branch="False" />
                <line number="62" hits="1" branch="False" />
                <line number="64" hits="1" branch="False" />
                <line number="65" hits="1" branch="False" />
                <line number="66" hits="1" branch="False" />
                <line number="68" hits="2" branch="False" />
              </lines>
            </method>
            <method name="Delete" signature="(System.String)" line-rate="1" branch-rate="1">
              <lines>
                <line number="72" hits="2" branch="False" />
                <line number="74" hits="2" branch="False" />
                <line number="75" hits="2" branch="False" />
                <line number="76" hits="1" branch="False" />
                <line number="78" hits="1" branch="False" />
                <line number="79" hits="1" branch="False" />
                <line number="80" hits="1" branch="False" />
                <line number="82" hits="2" branch="False" />
              </lines>
            </method>
            <method name=".ctor" signature="(AlertToCareAPI.Repositories.IPatientDbRepos)" line-rate="1" branch-rate="1">
              <lines>
                <line number="15" hits="8" branch="False" />
                <line number="16" hits="8" branch="False" />
                <line number="17" hits="8" branch="False" />
                <line number="18" hits="8" branch="False" />
              </lines>
            </method>
          </methods>
          <lines>
            <line number="22" hits="1" branch="False" />
            <line number="23" hits="1" branch="False" />
            <line number="25" hits="1" branch="False" />
            <line number="29" hits="1" branch="False" />
            <line number="30" hits="1" branch="False" />
            <line number="31" hits="4" branch="True" condition-coverage="50% (1/2)">
              <conditions>
                <condition number="66" type="jump" coverage="50%" />
              </conditions>
            </line>
            <line number="32" hits="1" branch="False" />
            <line number="33" hits="1" branch="True" condition-coverage="50% (1/2)">
              <conditions>
                <condition number="45" type="jump" coverage="50%" />
              </conditions>
            </line>
            <line number="34" hits="1" branch="False" />
            <line number="35" hits="1" branch="False" />
            <line number="37" hits="0" branch="False" />
            <line number="39" hits="0" branch="False" />
            <line number="40" hits="1" branch="False" />
            <line number="44" hits="2" branch="False" />
            <line number="46" hits="2" branch="False" />
            <line number="47" hits="2" branch="False" />
            <line number="48" hits="1" branch="False" />
            <line number="50" hits="1" branch="False" />
            <line number="51" hits="1" branch="False" />
            <line number="52" hits="1" branch="False" />
            <line number="54" hits="2" branch="False" />
            <line number="58" hits="2" branch="False" />
            <line number="60" hits="2" branch="False" />
            <line number="61" hits="2" branch="False" />
            <line number="62" hits="1" branch="False" />
            <line number="64" hits="1" branch="False" />
            <line number="65" hits="1" branch="False" />
            <line number="66" hits="1" branch="False" />
            <line number="68" hits="2" branch="False" />
            <line number="72" hits="2" branch="False" />
            <line number="74" hits="2" branch="False" />
            <line number="75" hits="2" branch="False" />
            <line number="76" hits="1" branch="False" />
            <line number="78" hits="1" branch="False" />
            <line number="79" hits="1" branch="False" />
            <line number="80" hits="1" branch="False" />
            <line number="82" hits="2" branch="False" />
            <line number="15" hits="8" branch="False" />
            <line number="16" hits="8" branch="False" />
            <line number="17" hits="8" branch="False" />
            <line number="18" hits="8" branch="False" />
          </lines>
        </class>
        <class name="AlertToCareAPI.Controllers.PatientMonitoringController" filename="Controllers\PatientMonitoringController.cs" line-rate="1" branch-rate="1" complexity="2">
          <methods>
            <method name="GetAlerts" signature="()" line-rate="1" branch-rate="1">
              <lines>
                <line number="28" hits="1" branch="False" />
                <line number="30" hits="1" branch="False" />
                <line number="31" hits="4" branch="False" />
                <line number="32" hits="1" branch="False" />
                <line number="33" hits="1" branch="False" />
              </lines>
            </method>
            <method name=".ctor" signature="(AlertToCareAPI.Repositories.IMonitoringRepo)" line-rate="1" branch-rate="1">
              <lines>
                <line number="14" hits="1" branch="False" />
                <line number="15" hits="1" branch="False" />
                <line number="16" hits="1" branch="False" />
                <line number="17" hits="1" branch="False" />
              </lines>
            </method>
          </methods>
          <lines>
            <line number="28" hits="1" branch="False" />
            <line number="30" hits="1" branch="False" />
            <line number="31" hits="4" branch="False" />
            <line number="32" hits="1" branch="False" />
            <line number="33" hits="1" branch="False" />
            <line number="14" hits="1" branch="False" />
            <line number="15" hits="1" branch="False" />
            <line number="16" hits="1" branch="False" />
            <line number="17" hits="1" branch="False" />
          </lines>
        </class>
      </classes>
    </package>
  </packages>
</coverage>